------------------------------------------------------------------------------------
Date: 12/9/2023 -- 09:46:10 (uptime: 0d, 00h 00m 00s)
------------------------------------------------------------------------------------
Counter                                       | TM Name                   | Value
------------------------------------------------------------------------------------
decoder.pkts                                  | Total                     | 25759
decoder.bytes                                 | Total                     | 5675281
decoder.ipv4                                  | Total                     | 25019
decoder.ethernet                              | Total                     | 25759
decoder.arp                                   | Total                     | 740
decoder.tcp                                   | Total                     | 23785
tcp.syn                                       | Total                     | 1104
tcp.synack                                    | Total                     | 938
tcp.rst                                       | Total                     | 254
decoder.udp                                   | Total                     | 1155
decoder.avg_pkt_size                          | Total                     | 220
decoder.max_pkt_size                          | Total                     | 1514
flow.total                                    | Total                     | 1469
flow.tcp                                      | Total                     | 985
flow.udp                                      | Total                     | 484
flow.wrk.spare_sync_avg                       | Total                     | 100
flow.wrk.spare_sync                           | Total                     | 15
decoder.event.ipv4.opt_pad_required           | Total                     | 79
flow.wrk.flows_evicted_needs_work             | Total                     | 55
flow.wrk.flows_evicted_pkt_inject             | Total                     | 97
flow.wrk.flows_evicted                        | Total                     | 212
flow.wrk.flows_injected                       | Total                     | 51
tcp.sessions                                  | Total                     | 971
tcp.ssn_from_cache                            | Total                     | 18
tcp.ssn_from_pool                             | Total                     | 953
tcp.ack_unseen_data                           | Total                     | 6
tcp.segment_from_cache                        | Total                     | 11355
tcp.segment_from_pool                         | Total                     | 144
tcp.reassembly_gap                            | Total                     | 1
tcp.overlap                                   | Total                     | 123
app_layer.flow.http                           | Total                     | 12
app_layer.tx.http                             | Total                     | 18
app_layer.flow.tls                            | Total                     | 748
app_layer.error.tls.gap                       | Total                     | 1
app_layer.flow.smb                            | Total                     | 39
app_layer.tx.smb                              | Total                     | 477
app_layer.flow.dcerpc_tcp                     | Total                     | 57
app_layer.tx.dcerpc_tcp                       | Total                     | 265
app_layer.flow.dns_tcp                        | Total                     | 1
app_layer.tx.dns_tcp                          | Total                     | 2
app_layer.flow.ntp                            | Total                     | 17
app_layer.tx.ntp                              | Total                     | 17
app_layer.flow.krb5_tcp                       | Total                     | 30
app_layer.tx.krb5_tcp                         | Total                     | 60
app_layer.flow.dhcp                           | Total                     | 2
app_layer.tx.dhcp                             | Total                     | 6
app_layer.flow.failed_tcp                     | Total                     | 47
app_layer.flow.dns_udp                        | Total                     | 243
app_layer.tx.dns_udp                          | Total                     | 471
app_layer.flow.failed_udp                     | Total                     | 222
flow.end.state.new                            | Total                     | 237
flow.end.state.established                    | Total                     | 301
flow.end.state.closed                         | Total                     | 931
flow.end.tcp_state.syn_sent                   | Total                     | 33
flow.end.tcp_state.established                | Total                     | 6
flow.end.tcp_state.close_wait                 | Total                     | 1
flow.end.tcp_state.closed                     | Total                     | 931
flow.end.tcp_liberal                          | Total                     | 1
flow.mgr.rows_per_sec                         | Total                     | 6553
flow.spare                                    | Total                     | 9800
memcap_pressure                               | Total                     | 5
memcap_pressure_max                           | Total                     | 5
flow.recycler.recycled                        | Total                     | 1206
flow.recycler.queue_avg                       | Total                     | 3
flow.recycler.queue_max                       | Total                     | 1031
tcp.memuse                                    | Total                     | 2424832
tcp.reassembly_memuse                         | Total                     | 458752
flow.memuse                                   | Total                     | 7154304
------------------------------------------------------------------------------------
Date: 12/9/2023 -- 09:46:58 (uptime: 0d, 00h 00m 26s)
------------------------------------------------------------------------------------
Counter                                       | TM Name                   | Value
------------------------------------------------------------------------------------
decoder.pkts                                  | Total                     | 25759
decoder.bytes                                 | Total                     | 5675281
decoder.ipv4                                  | Total                     | 25019
decoder.ethernet                              | Total                     | 25759
decoder.arp                                   | Total                     | 740
decoder.tcp                                   | Total                     | 23785
tcp.syn                                       | Total                     | 1104
tcp.synack                                    | Total                     | 938
tcp.rst                                       | Total                     | 254
decoder.udp                                   | Total                     | 1155
decoder.avg_pkt_size                          | Total                     | 220
decoder.max_pkt_size                          | Total                     | 1514
flow.total                                    | Total                     | 1469
flow.tcp                                      | Total                     | 985
flow.udp                                      | Total                     | 484
flow.wrk.spare_sync_avg                       | Total                     | 100
flow.wrk.spare_sync                           | Total                     | 16
decoder.event.ipv4.opt_pad_required           | Total                     | 79
flow.wrk.flows_evicted_needs_work             | Total                     | 870
flow.wrk.flows_evicted_pkt_inject             | Total                     | 916
flow.wrk.flows_evicted                        | Total                     | 206
flow.wrk.flows_injected                       | Total                     | 860
tcp.sessions                                  | Total                     | 971
tcp.ssn_from_cache                            | Total                     | 11
tcp.ssn_from_pool                             | Total                     | 960
tcp.ack_unseen_data                           | Total                     | 6
tcp.segment_from_cache                        | Total                     | 593
tcp.segment_from_pool                         | Total                     | 11257
tcp.reassembly_gap                            | Total                     | 1
tcp.overlap                                   | Total                     | 143
detect.alert                                  | Total                     | 653
detect.alerts_suppressed                      | Total                     | 93
app_layer.flow.http                           | Total                     | 12
app_layer.tx.http                             | Total                     | 18
app_layer.flow.tls                            | Total                     | 748
app_layer.error.tls.gap                       | Total                     | 1
app_layer.flow.smb                            | Total                     | 39
app_layer.tx.smb                              | Total                     | 477
app_layer.flow.dcerpc_tcp                     | Total                     | 57
app_layer.tx.dcerpc_tcp                       | Total                     | 265
app_layer.flow.dns_tcp                        | Total                     | 1
app_layer.tx.dns_tcp                          | Total                     | 2
app_layer.flow.ntp                            | Total                     | 17
app_layer.tx.ntp                              | Total                     | 17
app_layer.flow.krb5_tcp                       | Total                     | 30
app_layer.tx.krb5_tcp                         | Total                     | 60
app_layer.flow.dhcp                           | Total                     | 2
app_layer.tx.dhcp                             | Total                     | 6
app_layer.flow.failed_tcp                     | Total                     | 47
app_layer.flow.dns_udp                        | Total                     | 243
app_layer.tx.dns_udp                          | Total                     | 471
app_layer.flow.failed_udp                     | Total                     | 222
flow.end.state.new                            | Total                     | 237
flow.end.state.established                    | Total                     | 301
flow.end.state.closed                         | Total                     | 931
flow.end.tcp_state.syn_sent                   | Total                     | 33
flow.end.tcp_state.established                | Total                     | 6
flow.end.tcp_state.close_wait                 | Total                     | 1
flow.end.tcp_state.closed                     | Total                     | 931
flow.end.tcp_liberal                          | Total                     | 1
flow.mgr.rows_per_sec                         | Total                     | 6553
flow.spare                                    | Total                     | 9600
memcap_pressure                               | Total                     | 5
memcap_pressure_max                           | Total                     | 5
flow.recycler.recycled                        | Total                     | 403
flow.recycler.queue_max                       | Total                     | 300
tcp.memuse                                    | Total                     | 2424832
tcp.reassembly_memuse                         | Total                     | 476280
flow.memuse                                   | Total                     | 7154304
------------------------------------------------------------------------------------
Date: 12/14/2023 -- 11:26:49 (uptime: 0d, 00h 01m 10s)
------------------------------------------------------------------------------------
Counter                                       | TM Name                   | Value
------------------------------------------------------------------------------------
capture.afpacket.polls                        | Total                     | 232
capture.afpacket.poll_timeout                 | Total                     | 232
flow.mgr.rows_per_sec                         | Total                     | 6553
flow.spare                                    | Total                     | 10000
memcap_pressure                               | Total                     | 5
memcap_pressure_max                           | Total                     | 5
tcp.memuse                                    | Total                     | 2424832
tcp.reassembly_memuse                         | Total                     | 458752
flow.memuse                                   | Total                     | 7234304
------------------------------------------------------------------------------------
Date: 12/14/2023 -- 11:26:57 (uptime: 0d, 00h 01m 18s)
------------------------------------------------------------------------------------
Counter                                       | TM Name                   | Value
------------------------------------------------------------------------------------
capture.afpacket.polls                        | Total                     | 587
capture.afpacket.poll_timeout                 | Total                     | 587
flow.mgr.full_hash_pass                       | Total                     | 1
flow.mgr.rows_per_sec                         | Total                     | 6553
flow.spare                                    | Total                     | 10000
memcap_pressure                               | Total                     | 5
memcap_pressure_max                           | Total                     | 5
tcp.memuse                                    | Total                     | 2424832
tcp.reassembly_memuse                         | Total                     | 458752
flow.memuse                                   | Total                     | 7234304
------------------------------------------------------------------------------------
Date: 12/14/2023 -- 11:27:05 (uptime: 0d, 00h 01m 26s)
------------------------------------------------------------------------------------
Counter                                       | TM Name                   | Value
------------------------------------------------------------------------------------
capture.afpacket.polls                        | Total                     | 852
capture.afpacket.poll_timeout                 | Total                     | 852
flow.mgr.full_hash_pass                       | Total                     | 2
flow.mgr.rows_per_sec                         | Total                     | 6553
flow.spare                                    | Total                     | 10000
memcap_pressure                               | Total                     | 5
memcap_pressure_max                           | Total                     | 5
tcp.memuse                                    | Total                     | 2424832
tcp.reassembly_memuse                         | Total                     | 458752
flow.memuse                                   | Total                     | 7234304
------------------------------------------------------------------------------------
Date: 12/14/2023 -- 11:27:13 (uptime: 0d, 00h 01m 34s)
------------------------------------------------------------------------------------
Counter                                       | TM Name                   | Value
------------------------------------------------------------------------------------
capture.afpacket.polls                        | Total                     | 1182
capture.afpacket.poll_timeout                 | Total                     | 1182
flow.mgr.full_hash_pass                       | Total                     | 3
flow.mgr.rows_per_sec                         | Total                     | 6553
flow.spare                                    | Total                     | 10000
memcap_pressure                               | Total                     | 5
memcap_pressure_max                           | Total                     | 5
tcp.memuse                                    | Total                     | 2424832
tcp.reassembly_memuse                         | Total                     | 458752
flow.memuse                                   | Total                     | 7234304
------------------------------------------------------------------------------------
Date: 12/14/2023 -- 11:27:21 (uptime: 0d, 00h 01m 42s)
------------------------------------------------------------------------------------
Counter                                       | TM Name                   | Value
------------------------------------------------------------------------------------
capture.afpacket.polls                        | Total                     | 1538
capture.afpacket.poll_timeout                 | Total                     | 1538
flow.mgr.full_hash_pass                       | Total                     | 3
flow.mgr.rows_per_sec                         | Total                     | 6553
flow.spare                                    | Total                     | 10000
memcap_pressure                               | Total                     | 5
memcap_pressure_max                           | Total                     | 5
tcp.memuse                                    | Total                     | 2424832
tcp.reassembly_memuse                         | Total                     | 458752
flow.memuse                                   | Total                     | 7234304
------------------------------------------------------------------------------------
Date: 12/14/2023 -- 11:27:29 (uptime: 0d, 00h 01m 50s)
------------------------------------------------------------------------------------
Counter                                       | TM Name                   | Value
------------------------------------------------------------------------------------
capture.afpacket.polls                        | Total                     | 1778
capture.afpacket.poll_timeout                 | Total                     | 1778
flow.mgr.full_hash_pass                       | Total                     | 4
flow.mgr.rows_per_sec                         | Total                     | 6553
flow.spare                                    | Total                     | 10000
memcap_pressure                               | Total                     | 5
memcap_pressure_max                           | Total                     | 5
tcp.memuse                                    | Total                     | 2424832
tcp.reassembly_memuse                         | Total                     | 458752
flow.memuse                                   | Total                     | 7234304
------------------------------------------------------------------------------------
Date: 12/14/2023 -- 11:27:37 (uptime: 0d, 00h 01m 58s)
------------------------------------------------------------------------------------
Counter                                       | TM Name                   | Value
------------------------------------------------------------------------------------
capture.afpacket.polls                        | Total                     | 2135
capture.afpacket.poll_timeout                 | Total                     | 2135
flow.mgr.full_hash_pass                       | Total                     | 5
flow.mgr.rows_per_sec                         | Total                     | 6553
flow.spare                                    | Total                     | 10000
memcap_pressure                               | Total                     | 5
memcap_pressure_max                           | Total                     | 5
tcp.memuse                                    | Total                     | 2424832
tcp.reassembly_memuse                         | Total                     | 458752
flow.memuse                                   | Total                     | 7234304
------------------------------------------------------------------------------------
Date: 12/14/2023 -- 11:27:45 (uptime: 0d, 00h 02m 06s)
------------------------------------------------------------------------------------
Counter                                       | TM Name                   | Value
------------------------------------------------------------------------------------
capture.afpacket.polls                        | Total                     | 2494
capture.afpacket.poll_timeout                 | Total                     | 2494
flow.mgr.full_hash_pass                       | Total                     | 6
flow.mgr.rows_per_sec                         | Total                     | 6553
flow.spare                                    | Total                     | 10000
memcap_pressure                               | Total                     | 5
memcap_pressure_max                           | Total                     | 5
tcp.memuse                                    | Total                     | 2424832
tcp.reassembly_memuse                         | Total                     | 458752
flow.memuse                                   | Total                     | 7234304
------------------------------------------------------------------------------------
Date: 12/14/2023 -- 11:27:53 (uptime: 0d, 00h 02m 14s)
------------------------------------------------------------------------------------
Counter                                       | TM Name                   | Value
------------------------------------------------------------------------------------
capture.afpacket.polls                        | Total                     | 2734
capture.afpacket.poll_timeout                 | Total                     | 2734
flow.mgr.full_hash_pass                       | Total                     | 6
flow.mgr.rows_per_sec                         | Total                     | 6553
flow.spare                                    | Total                     | 10000
memcap_pressure                               | Total                     | 5
memcap_pressure_max                           | Total                     | 5
tcp.memuse                                    | Total                     | 2424832
tcp.reassembly_memuse                         | Total                     | 458752
flow.memuse                                   | Total                     | 7234304
------------------------------------------------------------------------------------
Date: 12/14/2023 -- 11:28:01 (uptime: 0d, 00h 02m 22s)
------------------------------------------------------------------------------------
Counter                                       | TM Name                   | Value
------------------------------------------------------------------------------------
capture.afpacket.polls                        | Total                     | 3094
capture.afpacket.poll_timeout                 | Total                     | 3094
flow.mgr.full_hash_pass                       | Total                     | 7
flow.mgr.rows_per_sec                         | Total                     | 6553
flow.spare                                    | Total                     | 10000
memcap_pressure                               | Total                     | 5
memcap_pressure_max                           | Total                     | 5
tcp.memuse                                    | Total                     | 2424832
tcp.reassembly_memuse                         | Total                     | 458752
flow.memuse                                   | Total                     | 7234304
------------------------------------------------------------------------------------
Date: 12/14/2023 -- 11:28:09 (uptime: 0d, 00h 02m 30s)
------------------------------------------------------------------------------------
Counter                                       | TM Name                   | Value
------------------------------------------------------------------------------------
capture.afpacket.polls                        | Total                     | 3453
capture.afpacket.poll_timeout                 | Total                     | 3453
flow.mgr.full_hash_pass                       | Total                     | 8
flow.mgr.rows_per_sec                         | Total                     | 6553
flow.spare                                    | Total                     | 10000
memcap_pressure                               | Total                     | 5
memcap_pressure_max                           | Total                     | 5
tcp.memuse                                    | Total                     | 2424832
tcp.reassembly_memuse                         | Total                     | 458752
flow.memuse                                   | Total                     | 7234304
------------------------------------------------------------------------------------
Date: 12/14/2023 -- 11:28:17 (uptime: 0d, 00h 02m 38s)
------------------------------------------------------------------------------------
Counter                                       | TM Name                   | Value
------------------------------------------------------------------------------------
capture.afpacket.polls                        | Total                     | 3693
capture.afpacket.poll_timeout                 | Total                     | 3693
flow.mgr.full_hash_pass                       | Total                     | 9
flow.mgr.rows_per_sec                         | Total                     | 6553
flow.spare                                    | Total                     | 10000
memcap_pressure                               | Total                     | 5
memcap_pressure_max                           | Total                     | 5
tcp.memuse                                    | Total                     | 2424832
tcp.reassembly_memuse                         | Total                     | 458752
flow.memuse                                   | Total                     | 7234304
------------------------------------------------------------------------------------
Date: 12/14/2023 -- 11:28:25 (uptime: 0d, 00h 02m 46s)
------------------------------------------------------------------------------------
Counter                                       | TM Name                   | Value
------------------------------------------------------------------------------------
capture.afpacket.polls                        | Total                     | 4053
capture.afpacket.poll_timeout                 | Total                     | 4053
flow.mgr.full_hash_pass                       | Total                     | 10
flow.mgr.rows_per_sec                         | Total                     | 6553
flow.spare                                    | Total                     | 10000
memcap_pressure                               | Total                     | 5
memcap_pressure_max                           | Total                     | 5
tcp.memuse                                    | Total                     | 2424832
tcp.reassembly_memuse                         | Total                     | 458752
flow.memuse                                   | Total                     | 7234304
------------------------------------------------------------------------------------
Date: 12/14/2023 -- 11:28:33 (uptime: 0d, 00h 02m 54s)
------------------------------------------------------------------------------------
Counter                                       | TM Name                   | Value
------------------------------------------------------------------------------------
capture.afpacket.polls                        | Total                     | 4412
capture.afpacket.poll_timeout                 | Total                     | 4412
flow.mgr.full_hash_pass                       | Total                     | 11
flow.mgr.rows_per_sec                         | Total                     | 6553
flow.spare                                    | Total                     | 10000
memcap_pressure                               | Total                     | 5
memcap_pressure_max                           | Total                     | 5
tcp.memuse                                    | Total                     | 2424832
tcp.reassembly_memuse                         | Total                     | 458752
flow.memuse                                   | Total                     | 7234304
------------------------------------------------------------------------------------
Date: 12/14/2023 -- 11:28:41 (uptime: 0d, 00h 03m 02s)
------------------------------------------------------------------------------------
Counter                                       | TM Name                   | Value
------------------------------------------------------------------------------------
capture.afpacket.polls                        | Total                     | 4680
capture.afpacket.poll_timeout                 | Total                     | 4680
flow.mgr.full_hash_pass                       | Total                     | 11
flow.mgr.rows_per_sec                         | Total                     | 6553
flow.spare                                    | Total                     | 10000
memcap_pressure                               | Total                     | 5
memcap_pressure_max                           | Total                     | 5
tcp.memuse                                    | Total                     | 2424832
tcp.reassembly_memuse                         | Total                     | 458752
flow.memuse                                   | Total                     | 7234304
------------------------------------------------------------------------------------
Date: 12/14/2023 -- 11:28:49 (uptime: 0d, 00h 03m 10s)
------------------------------------------------------------------------------------
Counter                                       | TM Name                   | Value
------------------------------------------------------------------------------------
capture.afpacket.polls                        | Total                     | 5010
capture.afpacket.poll_timeout                 | Total                     | 5010
flow.mgr.full_hash_pass                       | Total                     | 12
flow.mgr.rows_per_sec                         | Total                     | 6553
flow.spare                                    | Total                     | 10000
memcap_pressure                               | Total                     | 5
memcap_pressure_max                           | Total                     | 5
tcp.memuse                                    | Total                     | 2424832
tcp.reassembly_memuse                         | Total                     | 458752
flow.memuse                                   | Total                     | 7234304
------------------------------------------------------------------------------------
Date: 12/14/2023 -- 11:28:57 (uptime: 0d, 00h 03m 18s)
------------------------------------------------------------------------------------
Counter                                       | TM Name                   | Value
------------------------------------------------------------------------------------
capture.afpacket.polls                        | Total                     | 5370
capture.afpacket.poll_timeout                 | Total                     | 5370
flow.mgr.full_hash_pass                       | Total                     | 13
flow.mgr.rows_per_sec                         | Total                     | 6553
flow.spare                                    | Total                     | 10000
memcap_pressure                               | Total                     | 5
memcap_pressure_max                           | Total                     | 5
tcp.memuse                                    | Total                     | 2424832
tcp.reassembly_memuse                         | Total                     | 458752
flow.memuse                                   | Total                     | 7234304
------------------------------------------------------------------------------------
Date: 12/14/2023 -- 11:29:05 (uptime: 0d, 00h 03m 26s)
------------------------------------------------------------------------------------
Counter                                       | TM Name                   | Value
------------------------------------------------------------------------------------
capture.afpacket.polls                        | Total                     | 5639
capture.afpacket.poll_timeout                 | Total                     | 5639
flow.mgr.full_hash_pass                       | Total                     | 14
flow.mgr.rows_per_sec                         | Total                     | 6553
flow.spare                                    | Total                     | 10000
memcap_pressure                               | Total                     | 5
memcap_pressure_max                           | Total                     | 5
tcp.memuse                                    | Total                     | 2424832
tcp.reassembly_memuse                         | Total                     | 458752
flow.memuse                                   | Total                     | 7234304
------------------------------------------------------------------------------------
Date: 12/14/2023 -- 11:29:13 (uptime: 0d, 00h 03m 34s)
------------------------------------------------------------------------------------
Counter                                       | TM Name                   | Value
------------------------------------------------------------------------------------
capture.afpacket.polls                        | Total                     | 5969
capture.afpacket.poll_timeout                 | Total                     | 5969
flow.mgr.full_hash_pass                       | Total                     | 15
flow.mgr.rows_per_sec                         | Total                     | 6553
flow.spare                                    | Total                     | 10000
memcap_pressure                               | Total                     | 5
memcap_pressure_max                           | Total                     | 5
tcp.memuse                                    | Total                     | 2424832
tcp.reassembly_memuse                         | Total                     | 458752
flow.memuse                                   | Total                     | 7234304
------------------------------------------------------------------------------------
Date: 12/14/2023 -- 11:29:21 (uptime: 0d, 00h 03m 42s)
------------------------------------------------------------------------------------
Counter                                       | TM Name                   | Value
------------------------------------------------------------------------------------
capture.afpacket.polls                        | Total                     | 6329
capture.afpacket.poll_timeout                 | Total                     | 6329
flow.mgr.full_hash_pass                       | Total                     | 15
flow.mgr.rows_per_sec                         | Total                     | 6553
flow.spare                                    | Total                     | 10000
memcap_pressure                               | Total                     | 5
memcap_pressure_max                           | Total                     | 5
tcp.memuse                                    | Total                     | 2424832
tcp.reassembly_memuse                         | Total                     | 458752
flow.memuse                                   | Total                     | 7234304
------------------------------------------------------------------------------------
Date: 12/14/2023 -- 11:29:29 (uptime: 0d, 00h 03m 50s)
------------------------------------------------------------------------------------
Counter                                       | TM Name                   | Value
------------------------------------------------------------------------------------
capture.afpacket.polls                        | Total                     | 6569
capture.afpacket.poll_timeout                 | Total                     | 6569
flow.mgr.full_hash_pass                       | Total                     | 16
flow.mgr.rows_per_sec                         | Total                     | 6553
flow.spare                                    | Total                     | 10000
memcap_pressure                               | Total                     | 5
memcap_pressure_max                           | Total                     | 5
tcp.memuse                                    | Total                     | 2424832
tcp.reassembly_memuse                         | Total                     | 458752
flow.memuse                                   | Total                     | 7234304
------------------------------------------------------------------------------------
Date: 12/14/2023 -- 11:29:37 (uptime: 0d, 00h 03m 58s)
------------------------------------------------------------------------------------
Counter                                       | TM Name                   | Value
------------------------------------------------------------------------------------
capture.afpacket.polls                        | Total                     | 6929
capture.afpacket.poll_timeout                 | Total                     | 6929
flow.mgr.full_hash_pass                       | Total                     | 17
flow.mgr.rows_per_sec                         | Total                     | 6553
flow.spare                                    | Total                     | 10000
memcap_pressure                               | Total                     | 5
memcap_pressure_max                           | Total                     | 5
tcp.memuse                                    | Total                     | 2424832
tcp.reassembly_memuse                         | Total                     | 458752
flow.memuse                                   | Total                     | 7234304
------------------------------------------------------------------------------------
Date: 12/14/2023 -- 11:29:45 (uptime: 0d, 00h 04m 06s)
------------------------------------------------------------------------------------
Counter                                       | TM Name                   | Value
------------------------------------------------------------------------------------
capture.afpacket.polls                        | Total                     | 7285
capture.afpacket.poll_timeout                 | Total                     | 7285
flow.mgr.full_hash_pass                       | Total                     | 18
flow.mgr.rows_per_sec                         | Total                     | 6553
flow.spare                                    | Total                     | 10000
memcap_pressure                               | Total                     | 5
memcap_pressure_max                           | Total                     | 5
tcp.memuse                                    | Total                     | 2424832
tcp.reassembly_memuse                         | Total                     | 458752
flow.memuse                                   | Total                     | 7234304
------------------------------------------------------------------------------------
Date: 12/14/2023 -- 11:29:53 (uptime: 0d, 00h 04m 14s)
------------------------------------------------------------------------------------
Counter                                       | TM Name                   | Value
------------------------------------------------------------------------------------
capture.afpacket.polls                        | Total                     | 7555
capture.afpacket.poll_timeout                 | Total                     | 7555
flow.mgr.full_hash_pass                       | Total                     | 18
flow.mgr.rows_per_sec                         | Total                     | 6553
flow.spare                                    | Total                     | 10000
memcap_pressure                               | Total                     | 5
memcap_pressure_max                           | Total                     | 5
tcp.memuse                                    | Total                     | 2424832
tcp.reassembly_memuse                         | Total                     | 458752
flow.memuse                                   | Total                     | 7234304
------------------------------------------------------------------------------------
Date: 12/14/2023 -- 11:30:01 (uptime: 0d, 00h 04m 22s)
------------------------------------------------------------------------------------
Counter                                       | TM Name                   | Value
------------------------------------------------------------------------------------
capture.afpacket.polls                        | Total                     | 7885
capture.afpacket.poll_timeout                 | Total                     | 7885
flow.mgr.full_hash_pass                       | Total                     | 19
flow.mgr.rows_per_sec                         | Total                     | 6553
flow.spare                                    | Total                     | 10000
memcap_pressure                               | Total                     | 5
memcap_pressure_max                           | Total                     | 5
tcp.memuse                                    | Total                     | 2424832
tcp.reassembly_memuse                         | Total                     | 458752
flow.memuse                                   | Total                     | 7234304
------------------------------------------------------------------------------------
Date: 12/14/2023 -- 11:30:09 (uptime: 0d, 00h 04m 30s)
------------------------------------------------------------------------------------
Counter                                       | TM Name                   | Value
------------------------------------------------------------------------------------
capture.afpacket.polls                        | Total                     | 8245
capture.afpacket.poll_timeout                 | Total                     | 8245
flow.mgr.full_hash_pass                       | Total                     | 20
flow.mgr.rows_per_sec                         | Total                     | 6553
flow.spare                                    | Total                     | 10000
memcap_pressure                               | Total                     | 5
memcap_pressure_max                           | Total                     | 5
tcp.memuse                                    | Total                     | 2424832
tcp.reassembly_memuse                         | Total                     | 458752
flow.memuse                                   | Total                     | 7234304
------------------------------------------------------------------------------------
Date: 12/14/2023 -- 11:30:17 (uptime: 0d, 00h 04m 38s)
------------------------------------------------------------------------------------
Counter                                       | TM Name                   | Value
------------------------------------------------------------------------------------
capture.afpacket.polls                        | Total                     | 8543
capture.afpacket.poll_timeout                 | Total                     | 8543
flow.mgr.full_hash_pass                       | Total                     | 21
flow.mgr.rows_per_sec                         | Total                     | 6553
flow.spare                                    | Total                     | 10000
memcap_pressure                               | Total                     | 5
memcap_pressure_max                           | Total                     | 5
tcp.memuse                                    | Total                     | 2424832
tcp.reassembly_memuse                         | Total                     | 458752
flow.memuse                                   | Total                     | 7234304
------------------------------------------------------------------------------------
Date: 12/14/2023 -- 11:30:25 (uptime: 0d, 00h 04m 46s)
------------------------------------------------------------------------------------
Counter                                       | TM Name                   | Value
------------------------------------------------------------------------------------
capture.afpacket.polls                        | Total                     | 8843
capture.afpacket.poll_timeout                 | Total                     | 8843
flow.mgr.full_hash_pass                       | Total                     | 22
flow.mgr.rows_per_sec                         | Total                     | 6553
flow.spare                                    | Total                     | 10000
memcap_pressure                               | Total                     | 5
memcap_pressure_max                           | Total                     | 5
tcp.memuse                                    | Total                     | 2424832
tcp.reassembly_memuse                         | Total                     | 458752
flow.memuse                                   | Total                     | 7234304
------------------------------------------------------------------------------------
Date: 12/14/2023 -- 11:30:33 (uptime: 0d, 00h 04m 54s)
------------------------------------------------------------------------------------
Counter                                       | TM Name                   | Value
------------------------------------------------------------------------------------
capture.afpacket.polls                        | Total                     | 9203
capture.afpacket.poll_timeout                 | Total                     | 9203
flow.mgr.full_hash_pass                       | Total                     | 23
flow.mgr.rows_per_sec                         | Total                     | 6553
flow.spare                                    | Total                     | 10000
memcap_pressure                               | Total                     | 5
memcap_pressure_max                           | Total                     | 5
tcp.memuse                                    | Total                     | 2424832
tcp.reassembly_memuse                         | Total                     | 458752
flow.memuse                                   | Total                     | 7234304
------------------------------------------------------------------------------------
Date: 12/14/2023 -- 11:30:41 (uptime: 0d, 00h 05m 02s)
------------------------------------------------------------------------------------
Counter                                       | TM Name                   | Value
------------------------------------------------------------------------------------
capture.afpacket.polls                        | Total                     | 9501
capture.afpacket.poll_timeout                 | Total                     | 9501
flow.mgr.full_hash_pass                       | Total                     | 23
flow.mgr.rows_per_sec                         | Total                     | 6553
flow.spare                                    | Total                     | 10000
memcap_pressure                               | Total                     | 5
memcap_pressure_max                           | Total                     | 5
tcp.memuse                                    | Total                     | 2424832
tcp.reassembly_memuse                         | Total                     | 458752
flow.memuse                                   | Total                     | 7234304
------------------------------------------------------------------------------------
Date: 12/14/2023 -- 11:30:49 (uptime: 0d, 00h 05m 10s)
------------------------------------------------------------------------------------
Counter                                       | TM Name                   | Value
------------------------------------------------------------------------------------
capture.afpacket.polls                        | Total                     | 9801
capture.afpacket.poll_timeout                 | Total                     | 9801
flow.mgr.full_hash_pass                       | Total                     | 24
flow.mgr.rows_per_sec                         | Total                     | 6553
flow.spare                                    | Total                     | 10000
memcap_pressure                               | Total                     | 5
memcap_pressure_max                           | Total                     | 5
tcp.memuse                                    | Total                     | 2424832
tcp.reassembly_memuse                         | Total                     | 458752
flow.memuse                                   | Total                     | 7234304
------------------------------------------------------------------------------------
Date: 12/14/2023 -- 11:30:57 (uptime: 0d, 00h 05m 18s)
------------------------------------------------------------------------------------
Counter                                       | TM Name                   | Value
------------------------------------------------------------------------------------
capture.afpacket.polls                        | Total                     | 10161
capture.afpacket.poll_timeout                 | Total                     | 10161
flow.mgr.full_hash_pass                       | Total                     | 25
flow.mgr.rows_per_sec                         | Total                     | 6553
flow.spare                                    | Total                     | 10000
memcap_pressure                               | Total                     | 5
memcap_pressure_max                           | Total                     | 5
tcp.memuse                                    | Total                     | 2424832
tcp.reassembly_memuse                         | Total                     | 458752
flow.memuse                                   | Total                     | 7234304
------------------------------------------------------------------------------------
Date: 12/14/2023 -- 11:31:05 (uptime: 0d, 00h 05m 26s)
------------------------------------------------------------------------------------
Counter                                       | TM Name                   | Value
------------------------------------------------------------------------------------
capture.afpacket.polls                        | Total                     | 10430
capture.afpacket.poll_timeout                 | Total                     | 10430
flow.mgr.full_hash_pass                       | Total                     | 26
flow.mgr.rows_per_sec                         | Total                     | 6553
flow.spare                                    | Total                     | 10000
memcap_pressure                               | Total                     | 5
memcap_pressure_max                           | Total                     | 5
tcp.memuse                                    | Total                     | 2424832
tcp.reassembly_memuse                         | Total                     | 458752
flow.memuse                                   | Total                     | 7234304
------------------------------------------------------------------------------------
Date: 12/14/2023 -- 11:31:13 (uptime: 0d, 00h 05m 34s)
------------------------------------------------------------------------------------
Counter                                       | TM Name                   | Value
------------------------------------------------------------------------------------
capture.afpacket.polls                        | Total                     | 10759
capture.afpacket.poll_timeout                 | Total                     | 10759
flow.mgr.full_hash_pass                       | Total                     | 27
flow.mgr.rows_per_sec                         | Total                     | 6553
flow.spare                                    | Total                     | 10000
memcap_pressure                               | Total                     | 5
memcap_pressure_max                           | Total                     | 5
tcp.memuse                                    | Total                     | 2424832
tcp.reassembly_memuse                         | Total                     | 458752
flow.memuse                                   | Total                     | 7234304
------------------------------------------------------------------------------------
Date: 12/14/2023 -- 11:31:21 (uptime: 0d, 00h 05m 42s)
------------------------------------------------------------------------------------
Counter                                       | TM Name                   | Value
------------------------------------------------------------------------------------
capture.afpacket.polls                        | Total                     | 11119
capture.afpacket.poll_timeout                 | Total                     | 11119
flow.mgr.full_hash_pass                       | Total                     | 28
flow.mgr.rows_per_sec                         | Total                     | 6553
flow.spare                                    | Total                     | 10000
memcap_pressure                               | Total                     | 5
memcap_pressure_max                           | Total                     | 5
tcp.memuse                                    | Total                     | 2424832
tcp.reassembly_memuse                         | Total                     | 458752
flow.memuse                                   | Total                     | 7234304
------------------------------------------------------------------------------------
Date: 12/14/2023 -- 11:31:29 (uptime: 0d, 00h 05m 50s)
------------------------------------------------------------------------------------
Counter                                       | TM Name                   | Value
------------------------------------------------------------------------------------
capture.afpacket.polls                        | Total                     | 11359
capture.afpacket.poll_timeout                 | Total                     | 11359
flow.mgr.full_hash_pass                       | Total                     | 28
flow.mgr.rows_per_sec                         | Total                     | 6553
flow.spare                                    | Total                     | 10000
memcap_pressure                               | Total                     | 5
memcap_pressure_max                           | Total                     | 5
tcp.memuse                                    | Total                     | 2424832
tcp.reassembly_memuse                         | Total                     | 458752
flow.memuse                                   | Total                     | 7234304
------------------------------------------------------------------------------------
Date: 12/14/2023 -- 11:31:37 (uptime: 0d, 00h 05m 58s)
------------------------------------------------------------------------------------
Counter                                       | TM Name                   | Value
------------------------------------------------------------------------------------
capture.afpacket.polls                        | Total                     | 11719
capture.afpacket.poll_timeout                 | Total                     | 11719
flow.mgr.full_hash_pass                       | Total                     | 29
flow.mgr.rows_per_sec                         | Total                     | 6553
flow.spare                                    | Total                     | 10000
memcap_pressure                               | Total                     | 5
memcap_pressure_max                           | Total                     | 5
tcp.memuse                                    | Total                     | 2424832
tcp.reassembly_memuse                         | Total                     | 458752
flow.memuse                                   | Total                     | 7234304
------------------------------------------------------------------------------------
Date: 12/14/2023 -- 11:31:45 (uptime: 0d, 00h 06m 06s)
------------------------------------------------------------------------------------
Counter                                       | TM Name                   | Value
------------------------------------------------------------------------------------
capture.afpacket.polls                        | Total                     | 12077
capture.afpacket.poll_timeout                 | Total                     | 12077
flow.mgr.full_hash_pass                       | Total                     | 30
flow.mgr.rows_per_sec                         | Total                     | 6553
flow.spare                                    | Total                     | 10000
memcap_pressure                               | Total                     | 5
memcap_pressure_max                           | Total                     | 5
tcp.memuse                                    | Total                     | 2424832
tcp.reassembly_memuse                         | Total                     | 458752
flow.memuse                                   | Total                     | 7234304
------------------------------------------------------------------------------------
Date: 12/14/2023 -- 11:31:53 (uptime: 0d, 00h 06m 14s)
------------------------------------------------------------------------------------
Counter                                       | TM Name                   | Value
------------------------------------------------------------------------------------
capture.afpacket.polls                        | Total                     | 12406
capture.afpacket.poll_timeout                 | Total                     | 12406
flow.mgr.full_hash_pass                       | Total                     | 31
flow.mgr.rows_per_sec                         | Total                     | 6553
flow.spare                                    | Total                     | 10000
memcap_pressure                               | Total                     | 5
memcap_pressure_max                           | Total                     | 5
tcp.memuse                                    | Total                     | 2424832
tcp.reassembly_memuse                         | Total                     | 458752
flow.memuse                                   | Total                     | 7234304
------------------------------------------------------------------------------------
Date: 12/14/2023 -- 11:32:01 (uptime: 0d, 00h 06m 22s)
------------------------------------------------------------------------------------
Counter                                       | TM Name                   | Value
------------------------------------------------------------------------------------
capture.afpacket.polls                        | Total                     | 12675
capture.afpacket.poll_timeout                 | Total                     | 12675
flow.mgr.full_hash_pass                       | Total                     | 31
flow.mgr.rows_per_sec                         | Total                     | 6553
flow.spare                                    | Total                     | 10000
memcap_pressure                               | Total                     | 5
memcap_pressure_max                           | Total                     | 5
tcp.memuse                                    | Total                     | 2424832
tcp.reassembly_memuse                         | Total                     | 458752
flow.memuse                                   | Total                     | 7234304
------------------------------------------------------------------------------------
Date: 12/14/2023 -- 11:32:09 (uptime: 0d, 00h 06m 30s)
------------------------------------------------------------------------------------
Counter                                       | TM Name                   | Value
------------------------------------------------------------------------------------
capture.afpacket.polls                        | Total                     | 13035
capture.afpacket.poll_timeout                 | Total                     | 13035
flow.mgr.full_hash_pass                       | Total                     | 32
flow.mgr.rows_per_sec                         | Total                     | 6553
flow.spare                                    | Total                     | 10000
memcap_pressure                               | Total                     | 5
memcap_pressure_max                           | Total                     | 5
tcp.memuse                                    | Total                     | 2424832
tcp.reassembly_memuse                         | Total                     | 458752
flow.memuse                                   | Total                     | 7234304
------------------------------------------------------------------------------------
Date: 12/14/2023 -- 11:32:16 (uptime: 0d, 00h 06m 37s)
------------------------------------------------------------------------------------
Counter                                       | TM Name                   | Value
------------------------------------------------------------------------------------
capture.afpacket.polls                        | Total                     | 13335
capture.afpacket.poll_timeout                 | Total                     | 13331
flow.mgr.full_hash_pass                       | Total                     | 33
flow.mgr.rows_per_sec                         | Total                     | 6553
flow.spare                                    | Total                     | 10000
memcap_pressure                               | Total                     | 5
memcap_pressure_max                           | Total                     | 5
tcp.memuse                                    | Total                     | 2424832
tcp.reassembly_memuse                         | Total                     | 458752
flow.memuse                                   | Total                     | 7234304
